[ 2016-05-16T10:02:52+08:00 ] 192.168.1.180 /index.php/Campaign/Index
INFO: [ app_init ] --START--
INFO: Run Behavior\BuildLiteBehavior [ RunTime:0.000000s ]
INFO: [ app_init ] --END-- [ RunTime:0.001000s ]
ERR: 无法加载模块:Campaign

[ 2016-05-16T10:02:59+08:00 ] 192.168.1.180 /index.php/Campaign/Index
INFO: [ app_init ] --START--
INFO: Run Behavior\BuildLiteBehavior [ RunTime:0.000000s ]
INFO: [ app_init ] --END-- [ RunTime:0.001000s ]
ERR: 无法加载模块:Campaign

[ 2016-05-16T10:03:00+08:00 ] 192.168.1.180 /index.php/Campaign/Index
INFO: [ app_init ] --START--
INFO: Run Behavior\BuildLiteBehavior [ RunTime:0.000000s ]
INFO: [ app_init ] --END-- [ RunTime:0.000000s ]
ERR: 无法加载模块:Campaign

[ 2016-05-16T10:03:03+08:00 ] 192.168.1.180 /index.php/Campaign/Index
INFO: [ app_init ] --START--
INFO: Run Behavior\BuildLiteBehavior [ RunTime:0.000000s ]
INFO: [ app_init ] --END-- [ RunTime:0.000000s ]
ERR: 无法加载模块:Campaign

[ 2016-05-16T10:07:16+08:00 ] 192.168.1.180 /index.php/Campaign/Index
INFO: [ app_init ] --START--
INFO: Run Behavior\BuildLiteBehavior [ RunTime:0.000000s ]
INFO: [ app_init ] --END-- [ RunTime:0.001000s ]
ERR: 无法加载模块:Campaign

[ 2016-05-16T10:07:18+08:00 ] 192.168.1.180 /index.php/Campaign/Index
INFO: [ app_init ] --START--
INFO: Run Behavior\BuildLiteBehavior [ RunTime:0.000000s ]
INFO: [ app_init ] --END-- [ RunTime:0.001000s ]
ERR: 无法加载模块:Campaign

[ 2016-05-16T10:10:09+08:00 ] 192.168.1.180 /index.php/Campaign/Index
INFO: [ app_init ] --START--
INFO: Run Behavior\BuildLiteBehavior [ RunTime:0.000000s ]
INFO: [ app_init ] --END-- [ RunTime:0.001000s ]
ERR: 无法加载模块:Campaign

[ 2016-05-16T10:16:18+08:00 ] 192.168.1.180 /index.php/Campaign/Index/
INFO: [ app_init ] --START--
INFO: Run Behavior\BuildLiteBehavior [ RunTime:0.000000s ]
INFO: [ app_init ] --END-- [ RunTime:0.001001s ]
ERR: 无法加载模块:Campaign

[ 2016-05-16T10:16:33+08:00 ] 192.168.1.180 /index.php/Campaign/Index/
INFO: [ app_init ] --START--
INFO: Run Behavior\BuildLiteBehavior [ RunTime:0.000000s ]
INFO: [ app_init ] --END-- [ RunTime:0.001000s ]
ERR: 无法加载模块:Campaign

[ 2016-05-16T10:16:33+08:00 ] 192.168.1.180 /index.php/Campaign/Index/
INFO: [ app_init ] --START--
INFO: Run Behavior\BuildLiteBehavior [ RunTime:0.000000s ]
INFO: [ app_init ] --END-- [ RunTime:0.000000s ]
ERR: 无法加载模块:Campaign

[ 2016-05-16T10:16:33+08:00 ] 192.168.1.180 /index.php/Campaign/Index/
INFO: [ app_init ] --START--
INFO: Run Behavior\BuildLiteBehavior [ RunTime:0.000000s ]
INFO: [ app_init ] --END-- [ RunTime:0.001000s ]
ERR: 无法加载模块:Campaign

[ 2016-05-16T10:16:33+08:00 ] 192.168.1.180 /index.php/Campaign/Index/
INFO: [ app_init ] --START--
INFO: Run Behavior\BuildLiteBehavior [ RunTime:0.000000s ]
INFO: [ app_init ] --END-- [ RunTime:0.000000s ]
ERR: 无法加载模块:Campaign

[ 2016-05-16T10:16:34+08:00 ] 192.168.1.180 /index.php/Campaign/Index/
INFO: [ app_init ] --START--
INFO: Run Behavior\BuildLiteBehavior [ RunTime:0.000000s ]
INFO: [ app_init ] --END-- [ RunTime:0.000000s ]
ERR: 无法加载模块:Campaign

[ 2016-05-16T10:16:34+08:00 ] 192.168.1.180 /index.php/Campaign/Index/
INFO: [ app_init ] --START--
INFO: Run Behavior\BuildLiteBehavior [ RunTime:0.000000s ]
INFO: [ app_init ] --END-- [ RunTime:0.000000s ]
ERR: 无法加载模块:Campaign

[ 2016-05-16T10:18:15+08:00 ] 192.168.1.180 /index.php/Campaign/Index/
INFO: [ app_init ] --START--
INFO: Run Behavior\BuildLiteBehavior [ RunTime:0.000000s ]
INFO: [ app_init ] --END-- [ RunTime:0.001000s ]
ERR: 无法加载模块:Campaign

[ 2016-05-16T10:18:32+08:00 ] 192.168.1.180 /index.php/Campaign/Index
INFO: [ app_init ] --START--
INFO: Run Behavior\BuildLiteBehavior [ RunTime:0.000000s ]
INFO: [ app_init ] --END-- [ RunTime:0.000000s ]
ERR: 无法加载模块:Campaign

[ 2016-05-16T10:18:33+08:00 ] 192.168.1.180 /index.php/Campaign/Index
INFO: [ app_init ] --START--
INFO: Run Behavior\BuildLiteBehavior [ RunTime:0.000000s ]
INFO: [ app_init ] --END-- [ RunTime:0.000000s ]
ERR: 无法加载模块:Campaign

[ 2016-05-16T10:18:33+08:00 ] 192.168.1.180 /index.php/Campaign/Index
INFO: [ app_init ] --START--
INFO: Run Behavior\BuildLiteBehavior [ RunTime:0.000000s ]
INFO: [ app_init ] --END-- [ RunTime:0.000000s ]
ERR: 无法加载模块:Campaign

[ 2016-05-16T10:18:33+08:00 ] 192.168.1.180 /index.php/Campaign/Index
INFO: [ app_init ] --START--
INFO: Run Behavior\BuildLiteBehavior [ RunTime:0.000000s ]
INFO: [ app_init ] --END-- [ RunTime:0.000000s ]
ERR: 无法加载模块:Campaign

[ 2016-05-16T10:18:33+08:00 ] 192.168.1.180 /index.php/Campaign/Index
INFO: [ app_init ] --START--
INFO: Run Behavior\BuildLiteBehavior [ RunTime:0.000000s ]
INFO: [ app_init ] --END-- [ RunTime:0.000000s ]
ERR: 无法加载模块:Campaign

[ 2016-05-16T10:18:33+08:00 ] 192.168.1.180 /index.php/Campaign/Index
INFO: [ app_init ] --START--
INFO: Run Behavior\BuildLiteBehavior [ RunTime:0.000000s ]
INFO: [ app_init ] --END-- [ RunTime:0.001000s ]
ERR: 无法加载模块:Campaign

[ 2016-05-16T10:41:36+08:00 ] 192.168.1.180 /index.php/campaign/index
INFO: [ app_init ] --START--
INFO: Run Behavior\BuildLiteBehavior [ RunTime:0.000000s ]
INFO: [ app_init ] --END-- [ RunTime:0.001000s ]
ERR: 无法加载模块:Campaign

[ 2016-05-16T10:44:27+08:00 ] 192.168.1.180 /index.php/campaign/index
INFO: [ app_init ] --START--
INFO: Run Behavior\BuildLiteBehavior [ RunTime:0.000000s ]
INFO: [ app_init ] --END-- [ RunTime:0.001000s ]
ERR: 无法加载模块:Campaign

[ 2016-05-16T10:44:28+08:00 ] 192.168.1.180 /index.php/campaign/index
INFO: [ app_init ] --START--
INFO: Run Behavior\BuildLiteBehavior [ RunTime:0.000000s ]
INFO: [ app_init ] --END-- [ RunTime:0.000000s ]
ERR: 无法加载模块:Campaign

[ 2016-05-16T10:44:32+08:00 ] 192.168.1.180 /index.php/campaign/index
INFO: [ app_init ] --START--
INFO: Run Behavior\BuildLiteBehavior [ RunTime:0.000000s ]
INFO: [ app_init ] --END-- [ RunTime:0.001000s ]
ERR: 无法加载模块:Campaign

[ 2016-05-16T10:44:32+08:00 ] 192.168.1.180 /index.php/campaign/index
INFO: [ app_init ] --START--
INFO: Run Behavior\BuildLiteBehavior [ RunTime:0.000000s ]
INFO: [ app_init ] --END-- [ RunTime:0.001000s ]
ERR: 无法加载模块:Campaign

[ 2016-05-16T10:44:32+08:00 ] 192.168.1.180 /index.php/campaign/index
INFO: [ app_init ] --START--
INFO: Run Behavior\BuildLiteBehavior [ RunTime:0.000000s ]
INFO: [ app_init ] --END-- [ RunTime:0.000000s ]
ERR: 无法加载模块:Campaign

[ 2016-05-16T10:44:32+08:00 ] 192.168.1.180 /index.php/campaign/index
INFO: [ app_init ] --START--
INFO: Run Behavior\BuildLiteBehavior [ RunTime:0.000000s ]
INFO: [ app_init ] --END-- [ RunTime:0.001000s ]
ERR: 无法加载模块:Campaign

[ 2016-05-16T10:44:33+08:00 ] 192.168.1.180 /index.php/campaign/index
INFO: [ app_init ] --START--
INFO: Run Behavior\BuildLiteBehavior [ RunTime:0.000000s ]
INFO: [ app_init ] --END-- [ RunTime:0.001000s ]
ERR: 无法加载模块:Campaign

[ 2016-05-16T10:50:02+08:00 ] 192.168.1.180 /index.php/Campaign/Index.html
INFO: [ app_init ] --START--
INFO: Run Behavior\BuildLiteBehavior [ RunTime:0.000000s ]
INFO: [ app_init ] --END-- [ RunTime:0.000000s ]
ERR: 无法加载模块:Campaign

[ 2016-05-16T10:50:02+08:00 ] 192.168.1.180 /index.php/Campaign/Index.html
INFO: [ app_init ] --START--
INFO: Run Behavior\BuildLiteBehavior [ RunTime:0.000000s ]
INFO: [ app_init ] --END-- [ RunTime:0.001000s ]
ERR: 无法加载模块:Campaign

[ 2016-05-16T10:50:06+08:00 ] 192.168.1.180 /index.php/Index/index.html
INFO: [ app_init ] --START--
INFO: Run Behavior\BuildLiteBehavior [ RunTime:0.000000s ]
INFO: [ app_init ] --END-- [ RunTime:0.001000s ]
ERR: 无法加载模块:Index

[ 2016-05-16T10:50:07+08:00 ] 192.168.1.180 /index.php/Campaign/Index.html
INFO: [ app_init ] --START--
INFO: Run Behavior\BuildLiteBehavior [ RunTime:0.000000s ]
INFO: [ app_init ] --END-- [ RunTime:0.000000s ]
ERR: 无法加载模块:Campaign

